<?xml version="1.0" encoding="UTF-8"?>
<!-- Generated by org.testng.reporters.JUnitReportReporter -->
<testsuite hostname="omega-rog" failures="0" tests="3" name="firstDay.Demo1" time="0.007" errors="0" timestamp="2023-10-15T15:49:08 IST" skipped="0">
  <testcase classname="firstDay.Demo1" name="test2" time="0.001">
    <system-out>
      <![CDATA[this is test 2]]>
    </system-out>
  </testcase> <!-- test2 -->
  <testcase classname="firstDay.Demo1" name="test1" time="0.006">
    <system-out>
      <![CDATA[this is test 1]]>
    </system-out>
  </testcase> <!-- test1 -->
  <testcase classname="firstDay.Demo1" name="test3" time="0.000">
    <system-out>
      <![CDATA[this is test 3]]>
    </system-out>
  </testcase> <!-- test3 -->
  <system-out>
    <![CDATA[this is test 1
this is test 2
this is test 3]]>
  </system-out>
</testsuite> <!-- firstDay.Demo1 -->
