<?xml version="1.0" encoding="UTF-8"?>
<!-- Generated by org.testng.reporters.JUnitReportReporter -->
<testsuite hostname="omega-rog" failures="0" tests="6" name="LearnParralel_seriesTesting.SerialExecution" time="3.803" errors="0" timestamp="2023-10-16T22:41:45 IST" skipped="0">
  <testcase classname="LearnParralel_seriesTesting.SerialExecution" name="testLogo" time="1.290"/>
  <testcase classname="LearnParralel_seriesTesting.SerialExecution" name="testLogo" time="1.335"/>
  <testcase classname="LearnParralel_seriesTesting.SerialExecution" name="testLogo" time="1.093"/>
  <testcase classname="LearnParralel_seriesTesting.SerialExecution" name="testHomepageTitle" time="0.005"/>
  <testcase classname="LearnParralel_seriesTesting.SerialExecution" name="testHomepageTitle" time="0.031"/>
  <testcase classname="LearnParralel_seriesTesting.SerialExecution" name="testHomepageTitle" time="0.049"/>
</testsuite> <!-- LearnParralel_seriesTesting.SerialExecution -->
