<?xml version="1.0" encoding="UTF-8"?>
<!-- Generated by org.testng.reporters.JUnitReportReporter -->
<testsuite hostname="omega-rog" failures="0" tests="6" name="LearnParralel_seriesTesting.SerialExecution" time="3.624" errors="0" timestamp="2023-10-16T22:29:43 IST" skipped="0">
  <testcase classname="LearnParralel_seriesTesting.SerialExecution" name="testLogo" time="1.403"/>
  <testcase classname="LearnParralel_seriesTesting.SerialExecution" name="testLogo" time="1.050"/>
  <testcase classname="LearnParralel_seriesTesting.SerialExecution" name="testLogo" time="1.142"/>
  <testcase classname="LearnParralel_seriesTesting.SerialExecution" name="testHomepageTitle" time="0.005"/>
  <testcase classname="LearnParralel_seriesTesting.SerialExecution" name="testHomepageTitle" time="0.016"/>
  <testcase classname="LearnParralel_seriesTesting.SerialExecution" name="testHomepageTitle" time="0.008"/>
</testsuite> <!-- LearnParralel_seriesTesting.SerialExecution -->
