<?xml version="1.0" encoding="UTF-8"?>
<!-- Generated by org.testng.reporters.JUnitReportReporter -->
<testsuite hostname="omega-rog" failures="0" tests="1" name="selenium.LoginTest" time="0.387" errors="0" timestamp="2023-10-16T22:18:45 IST" skipped="0">
  <testcase classname="selenium.LoginTest" name="testScript" time="0.387"/>
</testsuite> <!-- selenium.LoginTest -->
