<?xml version="1.0" encoding="UTF-8"?>
<!-- Generated by org.testng.reporters.JUnitReportReporter -->
<testsuite hostname="omega-rog" failures="0" tests="1" name="firstDay.SecondTest" time="4.273" errors="0" timestamp="2023-10-16T21:12:19 IST" skipped="0">
  <testcase classname="firstDay.SecondTest" name="loginApp" time="4.273"/>
</testsuite> <!-- firstDay.SecondTest -->
